<?xml version="1.0" encoding="UTF-8"?>
<!-- Generated by org.testng.reporters.JUnitXMLReporter -->
<testsuite hostname="Jordan-PC" ignored="0" name="Free CRM App Test Cases" tests="2" failures="1" timestamp="08 Mar 2020 06:48:58 GMT" time="55.191" errors="0">
  <testcase name="createContactSuccessTest" time="8.245" classname="com.crm.qa.testcases.ContactPageTest">
    <failure type="java.lang.AssertionError" message="expected [abc xyz] but found [abc xy]">
      <![CDATA[java.lang.AssertionError: expected [abc xyz] but found [abc xy]
	at com.crm.qa.testcases.ContactPageTest.createContactSuccessTest(ContactPageTest.java:41)
... Removed 31 stack frames]]>
    </failure>
  </testcase> <!-- createContactSuccessTest -->
  <testcase name="deleteContact" time="0.004" classname="com.crm.qa.testcases.ContactPageTest"/>
</testsuite> <!-- Free CRM App Test Cases -->
